<?xml version="1.0" encoding="UTF-8"?>
<!-- Generated by org.testng.reporters.JUnitReportReporter -->
<testsuite hostname="DESKTOP-5JQLAF6" failures="0" tests="1" name="testrunner.CryptoTestRunner" time="3.189" errors="0" timestamp="2024-10-19T22:42:41 BDT" skipped="0">
  <testcase classname="testrunner.CryptoTestRunner" name="visitBuyCrypto" time="3.189"/>
  <system-out/>
</testsuite> <!-- testrunner.CryptoTestRunner -->
